[2024-03-02 13:42:06] [WARNUNG] Loading FXML document with JavaFX API of version 19 by JavaFX runtime of version 17.0.6 
[2024-03-02 13:42:08] [INFORMATION] NEW GAME 
[2024-03-02 13:42:10] [INFORMATION] Moving WHITE Pawn from C2 to C4 
[2024-03-02 13:42:12] [INFORMATION] Moving BLACK Pawn from D7 to D5 
[2024-03-02 13:42:14] [INFORMATION] Moving WHITE Queen from D1 to A4 
[2024-03-02 13:42:15] [INFORMATION] Moving BLACK King from E8 to D7 
[2024-03-02 13:42:17] [INFORMATION] Moving WHITE Queen from A4 to D7 Capture Piece: King from Color: BLACK 
[2024-03-02 13:42:17] [WARNUNG] SCHACH-MATT PLAYER WHITE HAVE WON 
[2024-03-02 13:44:29] [WARNUNG] Loading FXML document with JavaFX API of version 19 by JavaFX runtime of version 17.0.6 
[2024-03-02 13:44:31] [INFORMATION] NEW GAME 
[2024-03-02 13:44:33] [INFORMATION] Moving WHITE Pawn from C2 to C4 
[2024-03-02 13:44:35] [INFORMATION] Moving BLACK Pawn from C7 to C6 
[2024-03-02 13:44:38] [INFORMATION] Moving WHITE Pawn from D2 to D4 
[2024-03-02 13:44:41] [INFORMATION] Moving BLACK Pawn from D7 to D5 
[2024-03-02 13:44:46] [INFORMATION] Moving WHITE Pawn from E2 to E4 
[2024-03-02 13:44:48] [INFORMATION] Moving BLACK Pawn from E7 to E5 
[2024-03-02 13:44:50] [INFORMATION] Moving WHITE King from E1 to E2 
[2024-03-02 13:44:54] [INFORMATION] Moving BLACK Queen from D8 to G5 
[2024-03-02 13:44:55] [INFORMATION] Moving WHITE King from E2 to E3 
[2024-03-02 13:44:56] [INFORMATION] Moving BLACK Queen from G5 to E3 Capture Piece: King from Color: WHITE 
[2024-03-02 13:44:56] [WARNUNG] SCHACH-MATT PLAYER BLACK HAVE WON 
[2024-03-02 13:47:21] [WARNUNG] Loading FXML document with JavaFX API of version 19 by JavaFX runtime of version 17.0.6 
[2024-03-02 13:47:23] [INFORMATION] NEW GAME 
[2024-03-02 13:47:32] [INFORMATION] Moving WHITE Pawn from D2 to D4 
[2024-03-02 13:47:33] [INFORMATION] Moving BLACK Pawn from C7 to C5 
[2024-03-02 13:47:40] [INFORMATION] SAVE GAME: C:\DATEN_HFTM\Java Programme\OOP2\Projekt\hftmSchachNEU\hftmSchach\mySavedGame2.ser 
[2024-03-02 13:47:43] [INFORMATION] NEW GAME 
[2024-03-02 13:47:45] [INFORMATION] LOAD A GAME: C:\DATEN_HFTM\Java Programme\OOP2\Projekt\hftmSchachNEU\hftmSchach\mySavedGame2.ser 
[2024-03-02 13:47:48] [INFORMATION] NEW GAME 
[2024-03-02 13:47:49] [INFORMATION] LOAD A GAME: C:\DATEN_HFTM\Java Programme\OOP2\Projekt\hftmSchachNEU\hftmSchach\mySavedGame2.ser 
[2024-03-02 13:47:57] [INFORMATION] Moving WHITE Pawn from D4 to C5 Capture Piece: Pawn from Color: BLACK 
[2024-03-02 13:58:22] [INFORMATION] NEW GAME 
[2024-03-02 13:58:25] [INFORMATION] Moving WHITE Pawn from D2 to D4 
[2024-03-02 13:58:26] [INFORMATION] Moving BLACK Pawn from D7 to D5 
[2024-03-02 13:58:29] [INFORMATION] Moving WHITE Pawn from C2 to C4 
[2024-03-02 13:58:30] [INFORMATION] Moving BLACK King from E8 to D7 
[2024-03-02 13:58:32] [INFORMATION] Moving WHITE Queen from D1 to A4 
[2024-03-02 13:58:33] [INFORMATION] Moving BLACK King from D7 to C6 
[2024-03-02 13:58:34] [INFORMATION] Moving WHITE Queen from A4 to C6 Capture Piece: King from Color: BLACK 
[2024-03-02 13:58:34] [WARNUNG] SCHACH-MATT PLAYER WHITE HAVE WON 
[2024-03-02 13:58:38] [INFORMATION] LOAD A GAME: C:\DATEN_HFTM\Java Programme\OOP2\Projekt\hftmSchachNEU\hftmSchach\mySavedGame2.ser 
[2024-03-02 13:58:42] [INFORMATION] NEW GAME 
[2024-03-02 13:58:44] [INFORMATION] Moving WHITE Pawn from D2 to D3 
[2024-03-02 13:58:49] [INFORMATION] Moving BLACK Pawn from D7 to D6 
[2024-03-02 14:04:42] [INFORMATION] NEW GAME 
[2024-03-02 14:04:44] [INFORMATION] Moving WHITE Pawn from D2 to D4 
[2024-03-02 14:04:45] [INFORMATION] Moving BLACK Pawn from D7 to D6 
[2024-03-02 14:04:48] [INFORMATION] Moving WHITE King from E1 to D2 
[2024-03-02 14:04:50] [INFORMATION] Moving BLACK Queen from D8 to D7 
[2024-03-02 14:04:51] [INFORMATION] Moving WHITE King from D2 to C3 
[2024-03-02 14:04:53] [INFORMATION] Moving BLACK Queen from D7 to A4 
[2024-03-02 14:04:54] [INFORMATION] Moving WHITE King from C3 to C4 
[2024-03-02 14:04:55] [INFORMATION] Moving BLACK Queen from A4 to C4 Capture Piece: King from Color: WHITE 
[2024-03-02 14:04:55] [WARNUNG] SCHACH-MATT PLAYER BLACK HAVE WON 
[2024-03-02 14:17:37] [INFORMATION] NEW GAME 
[2024-03-02 14:28:37] [INFORMATION] NEW GAME 
[2024-03-02 14:31:06] [INFORMATION] Moving WHITE Pawn from D2 to D4 
[2024-03-02 14:31:08] [INFORMATION] Moving BLACK Pawn from D7 to D5 
[2024-03-02 14:32:59] [INFORMATION] Moving WHITE Knight from B1 to C3 
[2024-03-02 14:33:03] [INFORMATION] Moving BLACK Pawn from E7 to E6 
[2024-03-02 14:34:44] [INFORMATION] Moving WHITE Knight from C3 to B5 
[2024-03-02 14:34:47] [INFORMATION] Moving BLACK King from E8 to D7 
[2024-03-02 14:34:54] [INFORMATION] Moving WHITE Knight from B5 to D6 
[2024-03-02 14:34:55] [INFORMATION] Moving BLACK King from D7 to E8 
[2024-03-02 14:34:57] [INFORMATION] Moving WHITE Knight from D6 to E8 Capture Piece: King from Color: BLACK 
[2024-03-02 14:34:57] [WARNUNG] SCHACH-MATT PLAYER WHITE HAVE WON 
[2024-03-02 14:47:09] [INFORMATION] NEW GAME 
